20:31:05 25.09.2019|Mozilla/5.0 (X11; Linux x86_64) AppleWebKit/537.36 (KHTML, like Gecko) Chrome/77.0.3865.90 Safari/537.36|::1|localhost:8000/statistic/stat.php|
20:31:44 25.09.2019|Mozilla/5.0 (X11; Linux x86_64; rv:60.0) Gecko/20100101 Firefox/60.0|::1|localhost:8000/statistic/stat.php|
20:39:06 25.09.2019|Mozilla/5.0 (X11; Linux x86_64; rv:60.0) Gecko/20100101 Firefox/60.0|::1|localhost:8000/statistic/stat.php|
20:40:44 25.09.2019||||
20:40:54 25.09.2019||||
20:41:30 25.09.2019||||
20:41:45 25.09.2019|Mozilla/5.0 (X11; Linux x86_64) AppleWebKit/537.36 (KHTML, like Gecko) Chrome/77.0.3865.90 Safari/537.36|::1|localhost:8000/|
20:42:23 25.09.2019|Mozilla/5.0 (X11; Linux x86_64) AppleWebKit/537.36 (KHTML, like Gecko) Chrome/77.0.3865.90 Safari/537.36|::1|localhost:8000/|
20:42:35 25.09.2019|Mozilla/5.0 (X11; Linux x86_64) AppleWebKit/537.36 (KHTML, like Gecko) Chrome/77.0.3865.90 Safari/537.36|::1|localhost:8000/index.php?id=item3|
20:42:39 25.09.2019|Mozilla/5.0 (X11; Linux x86_64) AppleWebKit/537.36 (KHTML, like Gecko) Chrome/77.0.3865.90 Safari/537.36|::1|localhost:8000/index.php?id=item2|
20:42:39 25.09.2019|Mozilla/5.0 (X11; Linux x86_64) AppleWebKit/537.36 (KHTML, like Gecko) Chrome/77.0.3865.90 Safari/537.36|::1|localhost:8000/index.php?id=item3|
20:44:36 25.09.2019|Mozilla/5.0 (X11; Linux x86_64) AppleWebKit/537.36 (KHTML, like Gecko) Chrome/77.0.3865.90 Safari/537.36|::1|localhost:8000/index.php?id=item1|
20:44:38 25.09.2019|Mozilla/5.0 (X11; Linux x86_64) AppleWebKit/537.36 (KHTML, like Gecko) Chrome/77.0.3865.90 Safari/537.36|::1|localhost:8000/index.php?id=item2|
20:44:39 25.09.2019|Mozilla/5.0 (X11; Linux x86_64) AppleWebKit/537.36 (KHTML, like Gecko) Chrome/77.0.3865.90 Safari/537.36|::1|localhost:8000/index.php?id=item3|
20:44:53 25.09.2019|Mozilla/5.0 (X11; Linux x86_64) AppleWebKit/537.36 (KHTML, like Gecko) Chrome/77.0.3865.90 Safari/537.36|::1|localhost:8000/index.php?col=100|
20:44:55 25.09.2019|Mozilla/5.0 (X11; Linux x86_64) AppleWebKit/537.36 (KHTML, like Gecko) Chrome/77.0.3865.90 Safari/537.36|::1|localhost:8000/index.php?id=item3|
20:45:22 25.09.2019|Mozilla/5.0 (X11; Linux x86_64) AppleWebKit/537.36 (KHTML, like Gecko) Chrome/77.0.3865.90 Safari/537.36|::1|localhost:8000/index.php?id=item3|
20:45:24 25.09.2019|Mozilla/5.0 (X11; Linux x86_64) AppleWebKit/537.36 (KHTML, like Gecko) Chrome/77.0.3865.90 Safari/537.36|::1|localhost:8000/index.php?id=item3|
20:45:26 25.09.2019|Mozilla/5.0 (X11; Linux x86_64) AppleWebKit/537.36 (KHTML, like Gecko) Chrome/77.0.3865.90 Safari/537.36|::1|localhost:8000/index.php?id=item3|
20:45:27 25.09.2019|Mozilla/5.0 (X11; Linux x86_64) AppleWebKit/537.36 (KHTML, like Gecko) Chrome/77.0.3865.90 Safari/537.36|::1|localhost:8000/index.php?id=item1|
20:45:33 25.09.2019|Mozilla/5.0 (X11; Linux x86_64) AppleWebKit/537.36 (KHTML, like Gecko) Chrome/77.0.3865.90 Safari/537.36|::1|localhost:8000/index.php?id=item3|
20:45:33 25.09.2019|Mozilla/5.0 (X11; Linux x86_64) AppleWebKit/537.36 (KHTML, like Gecko) Chrome/77.0.3865.90 Safari/537.36|::1|localhost:8000/index.php?id=item3|
20:45:38 25.09.2019|Mozilla/5.0 (X11; Linux x86_64) AppleWebKit/537.36 (KHTML, like Gecko) Chrome/77.0.3865.90 Safari/537.36|::1|localhost:8000/index.php?col=6|
20:46:14 25.09.2019|Mozilla/5.0 (X11; Linux x86_64) AppleWebKit/537.36 (KHTML, like Gecko) Chrome/77.0.3865.90 Safari/537.36|::1|localhost:8000/index.php?id=item1|
20:46:15 25.09.2019|Mozilla/5.0 (X11; Linux x86_64) AppleWebKit/537.36 (KHTML, like Gecko) Chrome/77.0.3865.90 Safari/537.36|::1|localhost:8000/index.php?id=item3|
20:46:38 25.09.2019|Mozilla/5.0 (X11; Linux x86_64) AppleWebKit/537.36 (KHTML, like Gecko) Chrome/77.0.3865.90 Safari/537.36|::1|localhost:8000/index.php?id=item1|
20:46:40 25.09.2019|Mozilla/5.0 (X11; Linux x86_64) AppleWebKit/537.36 (KHTML, like Gecko) Chrome/77.0.3865.90 Safari/537.36|::1|localhost:8000/index.php?id=item2|
20:46:46 25.09.2019|Mozilla/5.0 (X11; Linux x86_64) AppleWebKit/537.36 (KHTML, like Gecko) Chrome/77.0.3865.90 Safari/537.36|::1|localhost:8000/index.php?id=item3|
20:47:21 25.09.2019|Mozilla/5.0 (X11; Linux x86_64) AppleWebKit/537.36 (KHTML, like Gecko) Chrome/77.0.3865.90 Safari/537.36|::1|localhost:8000/|
20:47:24 25.09.2019|Mozilla/5.0 (X11; Linux x86_64) AppleWebKit/537.36 (KHTML, like Gecko) Chrome/77.0.3865.90 Safari/537.36|::1|localhost:8000/index.php?id=item3|
20:47:33 25.09.2019|Mozilla/5.0 (X11; Linux x86_64; rv:60.0) Gecko/20100101 Firefox/60.0|::1|localhost:8000/|
20:47:35 25.09.2019|Mozilla/5.0 (X11; Linux x86_64; rv:60.0) Gecko/20100101 Firefox/60.0|::1|localhost:8000/index.php?id=item3|
20:47:44 25.09.2019|Mozilla/5.0 (X11; Linux x86_64) AppleWebKit/537.36 (KHTML, like Gecko) Chrome/77.0.3865.90 Safari/537.36|::1|localhost:8000/index.php?id=item3|
20:47:47 25.09.2019|Mozilla/5.0 (X11; Linux x86_64) AppleWebKit/537.36 (KHTML, like Gecko) Chrome/77.0.3865.90 Safari/537.36|::1|localhost:8000/index.php?id=item3|
